C51 COMPILER V9.60.0.0   LCD                                                               07/31/2019 15:38:11 PAGE 1   


C51 COMPILER V9.60.0.0, COMPILATION OF MODULE LCD
OBJECT MODULE PLACED IN .\Objects\lcd.obj
COMPILER INVOKED BY: D:\Keil_v5\C51\BIN\C51.EXE User\lcd.c OPTIMIZE(8,SPEED) BROWSE INCDIR(.\User) DEBUG OBJECTEXTEND PR
                    -INT(.\Listings\lcd.lst) TABS(2) OBJECT(.\Objects\lcd.obj)

line level    source

   1          #include "lcd.h"
   2          
   3          /********************************************************************
   4          * 名称 : bit Busy(void)
   5          * 功能 : 这个是一个读状态函数，读出函数是否处在忙状态
   6          * 输入 : 输入的命令值
   7          * 输出 : 无
   8          ***********************************************************************/
   9          bit Busy(void)
  10          {
  11   1          bit busy_flag = 0;
  12   1          RS = 0;
  13   1          RW = 1;
  14   1          E = 1;
  15   1          delay3();
  16   1          busy_flag = (bit)(P0 & 0x80);
  17   1          E = 0;
  18   1          return busy_flag;
  19   1      }
  20          /********************************************************************
  21          * 名称 : wcmd(uchar del)
  22          * 功能 : 1602命令函数
  23          * 输入 : 输入的命令值
  24          * 输出 : 无
  25          ***********************************************************************/
  26          void wcmd(uchar del)
  27          {
  28   1          while(Busy());
  29   1          RS = 0;
  30   1          RW = 0;
  31   1          E = 0;
  32   1          delay3();
  33   1          P0 = del;
  34   1          delay3();
  35   1          E = 1;
  36   1          delay3();
  37   1          E = 0;
  38   1      }
  39          
  40          /********************************************************************
  41          * 名称 : wdata(uchar del)
  42          * 功能 : 1602写数据函数
  43          * 输入 : 需要写入1602的数据
  44          * 输出 : 无
  45          ***********************************************************************/
  46          
  47          void wdata(uchar del)
  48          {
  49   1          while(Busy());
  50   1          RS = 1;
  51   1          RW = 0;
  52   1          E = 0;
  53   1          delay3();
  54   1          P0 = del;
C51 COMPILER V9.60.0.0   LCD                                                               07/31/2019 15:38:11 PAGE 2   

  55   1          delay3();
  56   1          E = 1;
  57   1          delay3();
  58   1          E = 0;
  59   1      }
  60          
  61          /********************************************************************
  62          * 名称 : L1602_init()
  63          * 功能 : 1602初始化，请参考1602的资料
  64          * 输入 : 无
  65          * 输出 : 无
  66          ***********************************************************************/
  67          void L1602_init(void)
  68          {
  69   1          wcmd(0x38);
  70   1          Delay(5);
  71   1          wcmd(0x38);
  72   1          Delay(5);
  73   1          wcmd(0x38);
  74   1          Delay(5);
  75   1          wcmd(0x38);
  76   1          wcmd(0x08);
  77   1          wcmd(0x0c);
  78   1          wcmd(0x04);
  79   1          wcmd(0x01);
  80   1      }
  81          
  82          
  83          //不用注释掉，防止报错未调用该函数
  84          ///********************************************************************
  85          //* 名称 : L1602_char(uchar hang,uchar lie,char sign)
  86          //* 功能 : 改变液晶中某位的值，如果要让第一行，第五个字符显示"b" ，调用该函数如下
  87          //     L1602_char(1,5,'b')
  88          //* 输入 : 行，列，需要输入1602的数据
  89          //* 输出 : 无
  90          //***********************************************************************/
  91          //void L1602_char(uchar hang, uchar lie, char sign)
  92          //{
  93          //    uchar a;
  94          //    if(hang == 1) a = 0x80;
  95          //    if(hang == 2) a = 0xc0;
  96          //    a = a + lie - 1;
  97          //    wcmd(a);
  98          //    wdata(sign);
  99          //}
 100          
 101          /********************************************************************
 102          * 名称 : L1602_string(uchar hang,uchar lie,uchar *p)
 103          * 功能 : 改变液晶中某位的值，如果要让第一行，第五个字符开始显示"ab cd ef" ，调用该函数如下
 104               L1602_string(1,5,"ab cd ef;")
 105          * 输入 : 行，列，需要输入1602的数据
 106          * 输出 : 无
 107          ***********************************************************************/
 108          void L1602_string(uchar hang, uchar lie, uchar *p)
 109          {
 110   1          uchar a, b = 0;
 111   1          if(hang == 1) a = 0x80;
 112   1          if(hang == 2) a = 0xc0;
 113   1          a = a + lie - 1;
 114   1          while(1)
 115   1          {
 116   2              wcmd(a++);
C51 COMPILER V9.60.0.0   LCD                                                               07/31/2019 15:38:11 PAGE 3   

 117   2              if((*p == '\0') || (b == 16)) break;
 118   2              b++;
 119   2              wdata(*p);
 120   2              p++;
 121   2          }
 122   1      }
 123          
 124          /**
 125          * 名称 ：LCD_display(uchar *p,uchar *q)
 126          * 功能 ；屏幕通过指针调用主函数的然后根据串口的输入去判断q的选择
 127          **/
 128          void LCD_display(uchar *p,uchar *q)
 129          {
 130   1      //    L1602_init();
 131   1      //    Delay(100);
 132   1          P2 = 0x00;
 133   1          L1602_string(1, 1, p);
 134   1          L1602_string(2,1, q);
 135   1      }


MODULE INFORMATION:   STATIC OVERLAYABLE
   CODE SIZE        =    244    ----
   CONSTANT SIZE    =   ----    ----
   XDATA SIZE       =   ----    ----
   PDATA SIZE       =   ----    ----
   DATA SIZE        =   ----      13
   IDATA SIZE       =   ----    ----
   BIT SIZE         =   ----       1
END OF MODULE INFORMATION.


C51 COMPILATION COMPLETE.  0 WARNING(S),  0 ERROR(S)
