C51 COMPILER V9.60.0.0   MOTOR                                                             07/31/2019 15:38:11 PAGE 1   


C51 COMPILER V9.60.0.0, COMPILATION OF MODULE MOTOR
OBJECT MODULE PLACED IN .\Objects\motor.obj
COMPILER INVOKED BY: D:\Keil_v5\C51\BIN\C51.EXE User\motor.c OPTIMIZE(8,SPEED) BROWSE INCDIR(.\User) DEBUG OBJECTEXTEND 
                    -PRINT(.\Listings\motor.lst) TABS(2) OBJECT(.\Objects\motor.obj)

line level    source

   1          #include "motor.h"
   2          
   3          unsigned char code F_Rotation[]={0x08,0x18,0x10,0x30,0x20,0x60,0x40,0x48,0x00};    //顺时针转
   4          unsigned char code B_Rotation[]={0x48,0x40,0x60,0x20,0x30,0x10,0x18,0x08,0x00};    //逆时针转
   5          
   6          int forward(uchar speed)    //控制正转
   7          {
   8   1          uchar i;
   9   1      //  uint k = 0;
  10   1      //  for(k=0;k<64;k++)
  11   1      //  {
  12   1          for(i = 0; i < 8; i++)
  13   1          {
  14   2              P1 = F_Rotation[i];   //顺时针转动
  15   2              Delay(speed);         //改变转速
  16   2          }
  17   1      //    switch(speed)
  18   1      //    {
  19   1      //      case'1':
  20   1      //        L1602_string(2, 1, "Mo Spd: Fast");
  21   1      //      case'3':
  22   1      //        L1602_string(2, 1, "Mo Spd: Norm");
  23   1      //      case'5':
  24   1      //        L1602_string(2, 1, "Mo Spd: Slow");
  25   1      //    }
  26   1      //  }
  27   1          return speed;
  28   1      }
  29          
  30          
  31          int back(uchar speed)   //控制反转
  32          {
  33   1          uchar i;
  34   1      //  uint k = 0;
  35   1      //  for(k=0;k<64;k++)
  36   1      //      {
  37   1          for(i = 0; i < 8; i++)
  38   1          {
  39   2              P1 = B_Rotation[i];  //逆时针转动
  40   2              Delay(speed);             //改变转速
  41   2          }
  42   1      //    switch(speed)
  43   1      //          {
  44   1      //            case'1':
  45   1      //                  L1602_init();
  46   1      //              L1602_string(2, 1, "Mo Spd: Fast");
  47   1      //            case'2':
  48   1      //                  L1602_init();
  49   1      //              L1602_string(2, 1, "Mo Spd: Norm");
  50   1      //            case'3':
  51   1      //                  L1602_init();
  52   1      //              L1602_string(2, 1, "Mo Spd: Slow");
  53   1      //          }
  54   1            return speed;
C51 COMPILER V9.60.0.0   MOTOR                                                             07/31/2019 15:38:11 PAGE 2   

  55   1      //      }
  56   1      }


MODULE INFORMATION:   STATIC OVERLAYABLE
   CODE SIZE        =     80    ----
   CONSTANT SIZE    =     18    ----
   XDATA SIZE       =   ----    ----
   PDATA SIZE       =   ----    ----
   DATA SIZE        =   ----       4
   IDATA SIZE       =   ----    ----
   BIT SIZE         =   ----    ----
END OF MODULE INFORMATION.


C51 COMPILATION COMPLETE.  0 WARNING(S),  0 ERROR(S)
